<?xml version="1.0" encoding="UTF-8"?>
<Site BuildName="Win32-MSBuild"
	BuildStamp="20240526-1824-Experimental"
	Name="LAPTOP-KK2FG5O3"
	Generator="ctest-3.27.8"
	CompilerName="C:/Program Files/Microsoft Visual Studio/2022/Community/VC/Tools/MSVC/14.39.33519/bin/Hostx64/x64/cl.exe"
	CompilerVersion="19.39.33522.0"
	OSName="Windows"
	Hostname="LAPTOP-KK2FG5O3"
	OSRelease=" Personal"
	OSVersion=" (Build 22631)"
	OSPlatform="AMD64"
	Is64Bits="1"
	VendorString="GenuineIntel"
	VendorID="Intel Corporation"
	FamilyID="6"
	ModelID="12"
	ProcessorCacheSize="-1"
	NumberOfLogicalCPU="8"
	NumberOfPhysicalCPU="4"
	TotalVirtualMemory="26303"
	TotalPhysicalMemory="16063"
	LogicalProcessorsPerPhysical="2"
	ProcessorClockFrequency="3110"
	>
	<Testing>
		<StartDateTime>May 26 22:51 Central Europe Daylight Time</StartDateTime>
		<StartTestTime>1716756680</StartTestTime>
		<TestList/>
		<EndDateTime>May 26 22:51 Central Europe Daylight Time</EndDateTime>
		<EndTestTime>1716756680</EndTestTime>
		<ElapsedMinutes>0</ElapsedMinutes>
	</Testing>
</Site>
